[2026-05-28T15:50:04.540+0000] {manager.py:483} INFO - Processing files using up to 1 processes at a time 
[2026-05-28T15:50:04.541+0000] {manager.py:484} INFO - Process each file at most once every 30 seconds
[2026-05-28T15:50:04.541+0000] {manager.py:485} INFO - Checking for new files in /opt/airflow/dags every 300 seconds
[2026-05-28T15:50:04.542+0000] {manager.py:821} INFO - Searching for files in /opt/airflow/dags
[2026-05-28T15:50:04.554+0000] {manager.py:824} INFO - There are 1 files in /opt/airflow/dags
[2026-05-28T15:50:05.260+0000] {manager.py:997} INFO - 
================================================================================
DAG File Processing Stats

File Path                                  PID    Runtime      # DAGs    # Errors  Last Runtime    Last Run               Last # of DB Queries
-----------------------------------------  -----  ---------  --------  ----------  --------------  -------------------  ----------------------
/opt/airflow/dags/skin_cancer_pipeline.py                           1           0  0.61s           2026-05-28T15:50:05                      43
================================================================================
[2026-05-28T15:50:36.414+0000] {manager.py:997} INFO - 
================================================================================
DAG File Processing Stats

File Path                                  PID    Runtime      # DAGs    # Errors  Last Runtime    Last Run               Last # of DB Queries
-----------------------------------------  -----  ---------  --------  ----------  --------------  -------------------  ----------------------
/opt/airflow/dags/skin_cancer_pipeline.py                           1           0  0.20s           2026-05-28T15:50:36                      10
================================================================================
[2026-05-28T15:51:07.018+0000] {manager.py:997} INFO - 
================================================================================
DAG File Processing Stats

File Path                                  PID    Runtime      # DAGs    # Errors  Last Runtime    Last Run               Last # of DB Queries
-----------------------------------------  -----  ---------  --------  ----------  --------------  -------------------  ----------------------
/opt/airflow/dags/skin_cancer_pipeline.py                           1           0  0.20s           2026-05-28T15:51:07                      10
================================================================================
[2026-05-28T15:54:22.297+0000] {manager.py:465} INFO - Exiting gracefully upon receiving signal 15
[2026-05-28T15:54:22.474+0000] {manager.py:483} INFO - Processing files using up to 1 processes at a time 
[2026-05-28T15:54:22.475+0000] {manager.py:484} INFO - Process each file at most once every 30 seconds
[2026-05-28T15:54:22.475+0000] {manager.py:485} INFO - Checking for new files in /opt/airflow/dags every 300 seconds
[2026-05-28T15:54:22.476+0000] {manager.py:821} INFO - Searching for files in /opt/airflow/dags
[2026-05-28T15:54:22.489+0000] {manager.py:824} INFO - There are 1 files in /opt/airflow/dags
[2026-05-28T15:54:22.665+0000] {manager.py:997} INFO - 
================================================================================
DAG File Processing Stats

File Path                                  PID    Runtime      # DAGs    # Errors  Last Runtime    Last Run               Last # of DB Queries
-----------------------------------------  -----  ---------  --------  ----------  --------------  -------------------  ----------------------
/opt/airflow/dags/skin_cancer_pipeline.py                           1           0  0.11s           2026-05-28T15:54:22                      10
================================================================================
[2026-05-28T15:54:58.166+0000] {manager.py:997} INFO - 
================================================================================
DAG File Processing Stats

File Path                                  PID    Runtime      # DAGs    # Errors  Last Runtime    Last Run               Last # of DB Queries
-----------------------------------------  -----  ---------  --------  ----------  --------------  -------------------  ----------------------
/opt/airflow/dags/skin_cancer_pipeline.py                           1           0  0.21s           2026-05-28T15:54:58                      10
================================================================================
[2026-05-28T15:55:28.636+0000] {manager.py:997} INFO - 
================================================================================
DAG File Processing Stats

File Path                                  PID    Runtime      # DAGs    # Errors  Last Runtime    Last Run               Last # of DB Queries
-----------------------------------------  -----  ---------  --------  ----------  --------------  -------------------  ----------------------
/opt/airflow/dags/skin_cancer_pipeline.py                           1           0  0.20s           2026-05-28T15:55:28                      10
================================================================================
[2026-05-28T15:55:59.480+0000] {manager.py:997} INFO - 
================================================================================
DAG File Processing Stats

File Path                                  PID    Runtime      # DAGs    # Errors  Last Runtime    Last Run               Last # of DB Queries
-----------------------------------------  -----  ---------  --------  ----------  --------------  -------------------  ----------------------
/opt/airflow/dags/skin_cancer_pipeline.py                           1           0  0.20s           2026-05-28T15:55:59                      10
================================================================================
[2026-05-28T15:56:29.697+0000] {manager.py:997} INFO - 
================================================================================
DAG File Processing Stats

File Path                                  PID    Runtime      # DAGs    # Errors  Last Runtime    Last Run               Last # of DB Queries
-----------------------------------------  -----  ---------  --------  ----------  --------------  -------------------  ----------------------
/opt/airflow/dags/skin_cancer_pipeline.py                           1           0  0.20s           2026-05-28T15:56:29                      10
================================================================================
[2026-05-28T15:57:00.963+0000] {manager.py:997} INFO - 
================================================================================
DAG File Processing Stats

File Path                                  PID    Runtime      # DAGs    # Errors  Last Runtime    Last Run               Last # of DB Queries
-----------------------------------------  -----  ---------  --------  ----------  --------------  -------------------  ----------------------
/opt/airflow/dags/skin_cancer_pipeline.py                           1           0  0.20s           2026-05-28T15:57:00                      10
================================================================================
[2026-05-28T15:57:30.965+0000] {manager.py:997} INFO - 
================================================================================
DAG File Processing Stats

File Path                                  PID    Runtime      # DAGs    # Errors  Last Runtime    Last Run               Last # of DB Queries
-----------------------------------------  -----  ---------  --------  ----------  --------------  -------------------  ----------------------
/opt/airflow/dags/skin_cancer_pipeline.py                           1           0  0.20s           2026-05-28T15:57:00                      10
================================================================================
[2026-05-28T15:58:01.199+0000] {manager.py:997} INFO - 
================================================================================
DAG File Processing Stats

File Path                                  PID    Runtime      # DAGs    # Errors  Last Runtime    Last Run               Last # of DB Queries
-----------------------------------------  -----  ---------  --------  ----------  --------------  -------------------  ----------------------
/opt/airflow/dags/skin_cancer_pipeline.py                           1           0  0.20s           2026-05-28T15:57:31                      10
================================================================================
[2026-05-28T15:58:31.386+0000] {manager.py:997} INFO - 
================================================================================
DAG File Processing Stats

File Path                                  PID    Runtime      # DAGs    # Errors  Last Runtime    Last Run               Last # of DB Queries
-----------------------------------------  -----  ---------  --------  ----------  --------------  -------------------  ----------------------
/opt/airflow/dags/skin_cancer_pipeline.py                           1           0  0.20s           2026-05-28T15:58:02                      10
================================================================================
[2026-05-28T15:59:01.612+0000] {manager.py:997} INFO - 
================================================================================
DAG File Processing Stats

File Path                                  PID    Runtime      # DAGs    # Errors  Last Runtime    Last Run               Last # of DB Queries
-----------------------------------------  -----  ---------  --------  ----------  --------------  -------------------  ----------------------
/opt/airflow/dags/skin_cancer_pipeline.py                           1           0  0.20s           2026-05-28T15:58:33                      10
================================================================================
[2026-05-28T15:59:22.737+0000] {manager.py:821} INFO - Searching for files in /opt/airflow/dags
[2026-05-28T15:59:22.748+0000] {manager.py:824} INFO - There are 1 files in /opt/airflow/dags
[2026-05-28T15:59:31.890+0000] {manager.py:997} INFO - 
================================================================================
DAG File Processing Stats

File Path                                  PID    Runtime      # DAGs    # Errors  Last Runtime    Last Run               Last # of DB Queries
-----------------------------------------  -----  ---------  --------  ----------  --------------  -------------------  ----------------------
/opt/airflow/dags/skin_cancer_pipeline.py                           1           0  0.20s           2026-05-28T15:59:03                      10
================================================================================
[2026-05-28T15:59:41.828+0000] {manager.py:465} INFO - Exiting gracefully upon receiving signal 15
[2026-05-28T15:59:54.986+0000] {manager.py:483} INFO - Processing files using up to 1 processes at a time 
[2026-05-28T15:59:54.986+0000] {manager.py:484} INFO - Process each file at most once every 30 seconds
[2026-05-28T15:59:54.987+0000] {manager.py:485} INFO - Checking for new files in /opt/airflow/dags every 300 seconds
[2026-05-28T15:59:54.988+0000] {manager.py:821} INFO - Searching for files in /opt/airflow/dags
[2026-05-28T15:59:55.003+0000] {manager.py:824} INFO - There are 1 files in /opt/airflow/dags
[2026-05-28T15:59:55.278+0000] {manager.py:997} INFO - 
================================================================================
DAG File Processing Stats

File Path                                  PID    Runtime      # DAGs    # Errors  Last Runtime    Last Run               Last # of DB Queries
-----------------------------------------  -----  ---------  --------  ----------  --------------  -------------------  ----------------------
/opt/airflow/dags/skin_cancer_pipeline.py                           1           0  0.20s           2026-05-28T15:59:55                      10
================================================================================
[2026-05-28T16:00:25.578+0000] {manager.py:997} INFO - 
================================================================================
DAG File Processing Stats

File Path                                  PID    Runtime      # DAGs    # Errors  Last Runtime    Last Run               Last # of DB Queries
-----------------------------------------  -----  ---------  --------  ----------  --------------  -------------------  ----------------------
/opt/airflow/dags/skin_cancer_pipeline.py                           1           0  0.20s           2026-05-28T16:00:25                      10
================================================================================
[2026-05-28T16:00:56.459+0000] {manager.py:997} INFO - 
================================================================================
DAG File Processing Stats

File Path                                  PID    Runtime      # DAGs    # Errors  Last Runtime    Last Run               Last # of DB Queries
-----------------------------------------  -----  ---------  --------  ----------  --------------  -------------------  ----------------------
/opt/airflow/dags/skin_cancer_pipeline.py                           1           0  0.21s           2026-05-28T16:00:56                      10
================================================================================
[2026-05-28T16:01:10.103+0000] {manager.py:465} INFO - Exiting gracefully upon receiving signal 15
[2026-05-28T16:33:32.529+0000] {manager.py:483} INFO - Processing files using up to 1 processes at a time 
[2026-05-28T16:33:32.530+0000] {manager.py:484} INFO - Process each file at most once every 30 seconds
[2026-05-28T16:33:32.531+0000] {manager.py:485} INFO - Checking for new files in /opt/airflow/dags every 300 seconds
[2026-05-28T16:33:32.531+0000] {manager.py:821} INFO - Searching for files in /opt/airflow/dags
[2026-05-28T16:33:32.541+0000] {manager.py:824} INFO - There are 1 files in /opt/airflow/dags
[2026-05-28T16:33:32.822+0000] {manager.py:997} INFO - 
================================================================================
DAG File Processing Stats

File Path                                  PID    Runtime      # DAGs    # Errors  Last Runtime    Last Run               Last # of DB Queries
-----------------------------------------  -----  ---------  --------  ----------  --------------  -------------------  ----------------------
/opt/airflow/dags/skin_cancer_pipeline.py                           1           0  0.20s           2026-05-28T16:33:32                      10
================================================================================
[2026-05-28T16:34:03.043+0000] {manager.py:997} INFO - 
================================================================================
DAG File Processing Stats

File Path                                  PID    Runtime      # DAGs    # Errors  Last Runtime    Last Run               Last # of DB Queries
-----------------------------------------  -----  ---------  --------  ----------  --------------  -------------------  ----------------------
/opt/airflow/dags/skin_cancer_pipeline.py                           1           0  0.21s           2026-05-28T16:34:03                      10
================================================================================
[2026-05-28T16:34:33.472+0000] {manager.py:997} INFO - 
================================================================================
DAG File Processing Stats

File Path                                  PID    Runtime      # DAGs    # Errors  Last Runtime    Last Run               Last # of DB Queries
-----------------------------------------  -----  ---------  --------  ----------  --------------  -------------------  ----------------------
/opt/airflow/dags/skin_cancer_pipeline.py                           1           0  0.20s           2026-05-28T16:34:33                      10
================================================================================
[2026-05-28T16:35:03.780+0000] {manager.py:997} INFO - 
================================================================================
DAG File Processing Stats

File Path                                  PID    Runtime      # DAGs    # Errors  Last Runtime    Last Run               Last # of DB Queries
-----------------------------------------  -----  ---------  --------  ----------  --------------  -------------------  ----------------------
/opt/airflow/dags/skin_cancer_pipeline.py                           1           0  0.10s           2026-05-28T16:35:03                      10
================================================================================
[2026-05-28T16:35:34.245+0000] {manager.py:997} INFO - 
================================================================================
DAG File Processing Stats

File Path                                  PID    Runtime      # DAGs    # Errors  Last Runtime    Last Run               Last # of DB Queries
-----------------------------------------  -----  ---------  --------  ----------  --------------  -------------------  ----------------------
/opt/airflow/dags/skin_cancer_pipeline.py                           1           0  0.20s           2026-05-28T16:35:34                      10
================================================================================
[2026-05-28T16:36:05.352+0000] {manager.py:997} INFO - 
================================================================================
DAG File Processing Stats

File Path                                  PID    Runtime      # DAGs    # Errors  Last Runtime    Last Run               Last # of DB Queries
-----------------------------------------  -----  ---------  --------  ----------  --------------  -------------------  ----------------------
/opt/airflow/dags/skin_cancer_pipeline.py                           1           0  0.10s           2026-05-28T16:36:05                      10
================================================================================
[2026-05-28T16:36:35.721+0000] {manager.py:997} INFO - 
================================================================================
DAG File Processing Stats

File Path                                  PID    Runtime      # DAGs    # Errors  Last Runtime    Last Run               Last # of DB Queries
-----------------------------------------  -----  ---------  --------  ----------  --------------  -------------------  ----------------------
/opt/airflow/dags/skin_cancer_pipeline.py                           1           0  0.10s           2026-05-28T16:36:35                      10
================================================================================
[2026-05-28T16:37:06.480+0000] {manager.py:997} INFO - 
================================================================================
DAG File Processing Stats

File Path                                  PID    Runtime      # DAGs    # Errors  Last Runtime    Last Run               Last # of DB Queries
-----------------------------------------  -----  ---------  --------  ----------  --------------  -------------------  ----------------------
/opt/airflow/dags/skin_cancer_pipeline.py                           1           0  0.20s           2026-05-28T16:37:06                      10
================================================================================
[2026-05-28T16:37:37.309+0000] {manager.py:997} INFO - 
================================================================================
DAG File Processing Stats

File Path                                  PID    Runtime      # DAGs    # Errors  Last Runtime    Last Run               Last # of DB Queries
-----------------------------------------  -----  ---------  --------  ----------  --------------  -------------------  ----------------------
/opt/airflow/dags/skin_cancer_pipeline.py                           1           0  0.10s           2026-05-28T16:37:37                      10
================================================================================
[2026-05-28T16:38:07.959+0000] {manager.py:997} INFO - 
================================================================================
DAG File Processing Stats

File Path                                  PID    Runtime      # DAGs    # Errors  Last Runtime    Last Run               Last # of DB Queries
-----------------------------------------  -----  ---------  --------  ----------  --------------  -------------------  ----------------------
/opt/airflow/dags/skin_cancer_pipeline.py                           1           0  0.10s           2026-05-28T16:38:07                      10
================================================================================
[2026-05-28T16:38:32.773+0000] {manager.py:821} INFO - Searching for files in /opt/airflow/dags
[2026-05-28T16:38:32.783+0000] {manager.py:824} INFO - There are 1 files in /opt/airflow/dags
[2026-05-28T16:38:38.530+0000] {manager.py:997} INFO - 
================================================================================
DAG File Processing Stats

File Path                                  PID    Runtime      # DAGs    # Errors  Last Runtime    Last Run               Last # of DB Queries
-----------------------------------------  -----  ---------  --------  ----------  --------------  -------------------  ----------------------
/opt/airflow/dags/skin_cancer_pipeline.py                           1           0  0.20s           2026-05-28T16:38:38                      10
================================================================================
[2026-05-28T16:39:08.950+0000] {manager.py:997} INFO - 
================================================================================
DAG File Processing Stats

File Path                                  PID    Runtime      # DAGs    # Errors  Last Runtime    Last Run               Last # of DB Queries
-----------------------------------------  -----  ---------  --------  ----------  --------------  -------------------  ----------------------
/opt/airflow/dags/skin_cancer_pipeline.py                           1           0  0.11s           2026-05-28T16:39:08                      10
================================================================================
[2026-05-28T16:39:39.362+0000] {manager.py:997} INFO - 
================================================================================
DAG File Processing Stats

File Path                                  PID    Runtime      # DAGs    # Errors  Last Runtime    Last Run               Last # of DB Queries
-----------------------------------------  -----  ---------  --------  ----------  --------------  -------------------  ----------------------
/opt/airflow/dags/skin_cancer_pipeline.py                           1           0  0.10s           2026-05-28T16:39:39                      10
================================================================================
[2026-05-28T16:40:09.694+0000] {manager.py:997} INFO - 
================================================================================
DAG File Processing Stats

File Path                                  PID    Runtime      # DAGs    # Errors  Last Runtime    Last Run               Last # of DB Queries
-----------------------------------------  -----  ---------  --------  ----------  --------------  -------------------  ----------------------
/opt/airflow/dags/skin_cancer_pipeline.py                           1           0  0.20s           2026-05-28T16:40:09                      10
================================================================================
[2026-05-28T16:40:40.249+0000] {manager.py:997} INFO - 
================================================================================
DAG File Processing Stats

File Path                                  PID    Runtime      # DAGs    # Errors  Last Runtime    Last Run               Last # of DB Queries
-----------------------------------------  -----  ---------  --------  ----------  --------------  -------------------  ----------------------
/opt/airflow/dags/skin_cancer_pipeline.py                           1           0  0.20s           2026-05-28T16:40:40                      10
================================================================================
[2026-05-28T16:41:10.582+0000] {manager.py:997} INFO - 
================================================================================
DAG File Processing Stats

File Path                                  PID    Runtime      # DAGs    # Errors  Last Runtime    Last Run               Last # of DB Queries
-----------------------------------------  -----  ---------  --------  ----------  --------------  -------------------  ----------------------
/opt/airflow/dags/skin_cancer_pipeline.py                           1           0  0.10s           2026-05-28T16:41:10                      10
================================================================================
[2026-05-28T16:41:40.875+0000] {manager.py:997} INFO - 
================================================================================
DAG File Processing Stats

File Path                                  PID    Runtime      # DAGs    # Errors  Last Runtime    Last Run               Last # of DB Queries
-----------------------------------------  -----  ---------  --------  ----------  --------------  -------------------  ----------------------
/opt/airflow/dags/skin_cancer_pipeline.py                           1           0  0.10s           2026-05-28T16:41:40                      10
================================================================================
[2026-05-28T16:42:11.264+0000] {manager.py:997} INFO - 
================================================================================
DAG File Processing Stats

File Path                                  PID    Runtime      # DAGs    # Errors  Last Runtime    Last Run               Last # of DB Queries
-----------------------------------------  -----  ---------  --------  ----------  --------------  -------------------  ----------------------
/opt/airflow/dags/skin_cancer_pipeline.py                           1           0  0.20s           2026-05-28T16:42:11                      10
================================================================================
[2026-05-28T16:42:41.577+0000] {manager.py:997} INFO - 
================================================================================
DAG File Processing Stats

File Path                                  PID    Runtime      # DAGs    # Errors  Last Runtime    Last Run               Last # of DB Queries
-----------------------------------------  -----  ---------  --------  ----------  --------------  -------------------  ----------------------
/opt/airflow/dags/skin_cancer_pipeline.py                           1           0  0.11s           2026-05-28T16:42:41                      10
================================================================================
[2026-05-28T16:43:11.894+0000] {manager.py:997} INFO - 
================================================================================
DAG File Processing Stats

File Path                                  PID    Runtime      # DAGs    # Errors  Last Runtime    Last Run               Last # of DB Queries
-----------------------------------------  -----  ---------  --------  ----------  --------------  -------------------  ----------------------
/opt/airflow/dags/skin_cancer_pipeline.py                           1           0  0.11s           2026-05-28T16:43:11                      10
================================================================================
[2026-05-28T16:43:33.159+0000] {manager.py:821} INFO - Searching for files in /opt/airflow/dags
[2026-05-28T16:43:33.168+0000] {manager.py:824} INFO - There are 1 files in /opt/airflow/dags
[2026-05-28T16:43:42.300+0000] {manager.py:997} INFO - 
================================================================================
DAG File Processing Stats

File Path                                  PID    Runtime      # DAGs    # Errors  Last Runtime    Last Run               Last # of DB Queries
-----------------------------------------  -----  ---------  --------  ----------  --------------  -------------------  ----------------------
/opt/airflow/dags/skin_cancer_pipeline.py                           1           0  0.20s           2026-05-28T16:43:42                      10
================================================================================
[2026-05-28T16:44:12.506+0000] {manager.py:997} INFO - 
================================================================================
DAG File Processing Stats

File Path                                  PID    Runtime      # DAGs    # Errors  Last Runtime    Last Run               Last # of DB Queries
-----------------------------------------  -----  ---------  --------  ----------  --------------  -------------------  ----------------------
/opt/airflow/dags/skin_cancer_pipeline.py                           1           0  0.10s           2026-05-28T16:44:12                      10
================================================================================
[2026-05-28T16:44:42.931+0000] {manager.py:997} INFO - 
================================================================================
DAG File Processing Stats

File Path                                  PID    Runtime      # DAGs    # Errors  Last Runtime    Last Run               Last # of DB Queries
-----------------------------------------  -----  ---------  --------  ----------  --------------  -------------------  ----------------------
/opt/airflow/dags/skin_cancer_pipeline.py                           1           0  0.21s           2026-05-28T16:44:42                      10
================================================================================
[2026-05-28T16:45:13.172+0000] {manager.py:997} INFO - 
================================================================================
DAG File Processing Stats

File Path                                  PID    Runtime      # DAGs    # Errors  Last Runtime    Last Run               Last # of DB Queries
-----------------------------------------  -----  ---------  --------  ----------  --------------  -------------------  ----------------------
/opt/airflow/dags/skin_cancer_pipeline.py                           1           0  0.20s           2026-05-28T16:45:13                      10
================================================================================
[2026-05-28T16:45:43.458+0000] {manager.py:997} INFO - 
================================================================================
DAG File Processing Stats

File Path                                  PID    Runtime      # DAGs    # Errors  Last Runtime    Last Run               Last # of DB Queries
-----------------------------------------  -----  ---------  --------  ----------  --------------  -------------------  ----------------------
/opt/airflow/dags/skin_cancer_pipeline.py                           1           0  0.10s           2026-05-28T16:45:43                      10
================================================================================
[2026-05-28T16:46:13.825+0000] {manager.py:997} INFO - 
================================================================================
DAG File Processing Stats

File Path                                  PID    Runtime      # DAGs    # Errors  Last Runtime    Last Run               Last # of DB Queries
-----------------------------------------  -----  ---------  --------  ----------  --------------  -------------------  ----------------------
/opt/airflow/dags/skin_cancer_pipeline.py                           1           0  0.10s           2026-05-28T16:46:13                      10
================================================================================
[2026-05-28T16:46:44.190+0000] {manager.py:997} INFO - 
================================================================================
DAG File Processing Stats

File Path                                  PID    Runtime      # DAGs    # Errors  Last Runtime    Last Run               Last # of DB Queries
-----------------------------------------  -----  ---------  --------  ----------  --------------  -------------------  ----------------------
/opt/airflow/dags/skin_cancer_pipeline.py                           1           0  0.10s           2026-05-28T16:46:44                      10
================================================================================
[2026-05-28T16:47:14.477+0000] {manager.py:997} INFO - 
================================================================================
DAG File Processing Stats

File Path                                  PID    Runtime      # DAGs    # Errors  Last Runtime    Last Run               Last # of DB Queries
-----------------------------------------  -----  ---------  --------  ----------  --------------  -------------------  ----------------------
/opt/airflow/dags/skin_cancer_pipeline.py                           1           0  0.20s           2026-05-28T16:47:14                      10
================================================================================
[2026-05-28T16:47:44.801+0000] {manager.py:997} INFO - 
================================================================================
DAG File Processing Stats

File Path                                  PID    Runtime      # DAGs    # Errors  Last Runtime    Last Run               Last # of DB Queries
-----------------------------------------  -----  ---------  --------  ----------  --------------  -------------------  ----------------------
/opt/airflow/dags/skin_cancer_pipeline.py                           1           0  0.10s           2026-05-28T16:47:44                      10
================================================================================
[2026-05-28T16:48:15.215+0000] {manager.py:997} INFO - 
================================================================================
DAG File Processing Stats

File Path                                  PID    Runtime      # DAGs    # Errors  Last Runtime    Last Run               Last # of DB Queries
-----------------------------------------  -----  ---------  --------  ----------  --------------  -------------------  ----------------------
/opt/airflow/dags/skin_cancer_pipeline.py                           1           0  0.11s           2026-05-28T16:48:15                      10
================================================================================
[2026-05-28T16:48:33.536+0000] {manager.py:821} INFO - Searching for files in /opt/airflow/dags
[2026-05-28T16:48:33.546+0000] {manager.py:824} INFO - There are 1 files in /opt/airflow/dags
[2026-05-28T16:48:45.648+0000] {manager.py:997} INFO - 
================================================================================
DAG File Processing Stats

File Path                                  PID    Runtime      # DAGs    # Errors  Last Runtime    Last Run               Last # of DB Queries
-----------------------------------------  -----  ---------  --------  ----------  --------------  -------------------  ----------------------
/opt/airflow/dags/skin_cancer_pipeline.py                           1           0  0.20s           2026-05-28T16:48:45                      10
================================================================================
[2026-05-28T16:49:15.899+0000] {manager.py:997} INFO - 
================================================================================
DAG File Processing Stats

File Path                                  PID    Runtime      # DAGs    # Errors  Last Runtime    Last Run               Last # of DB Queries
-----------------------------------------  -----  ---------  --------  ----------  --------------  -------------------  ----------------------
/opt/airflow/dags/skin_cancer_pipeline.py                           1           0  0.10s           2026-05-28T16:49:15                      10
================================================================================
[2026-05-28T16:49:46.189+0000] {manager.py:997} INFO - 
================================================================================
DAG File Processing Stats

File Path                                  PID    Runtime      # DAGs    # Errors  Last Runtime    Last Run               Last # of DB Queries
-----------------------------------------  -----  ---------  --------  ----------  --------------  -------------------  ----------------------
/opt/airflow/dags/skin_cancer_pipeline.py                           1           0  0.10s           2026-05-28T16:49:46                      10
================================================================================
[2026-05-28T16:50:16.508+0000] {manager.py:997} INFO - 
================================================================================
DAG File Processing Stats

File Path                                  PID    Runtime      # DAGs    # Errors  Last Runtime    Last Run               Last # of DB Queries
-----------------------------------------  -----  ---------  --------  ----------  --------------  -------------------  ----------------------
/opt/airflow/dags/skin_cancer_pipeline.py                           1           0  0.10s           2026-05-28T16:50:16                      10
================================================================================
[2026-05-28T16:50:46.799+0000] {manager.py:997} INFO - 
================================================================================
DAG File Processing Stats

File Path                                  PID    Runtime      # DAGs    # Errors  Last Runtime    Last Run               Last # of DB Queries
-----------------------------------------  -----  ---------  --------  ----------  --------------  -------------------  ----------------------
/opt/airflow/dags/skin_cancer_pipeline.py                           1           0  0.10s           2026-05-28T16:50:46                      10
================================================================================
[2026-05-28T16:51:17.070+0000] {manager.py:997} INFO - 
================================================================================
DAG File Processing Stats

File Path                                  PID    Runtime      # DAGs    # Errors  Last Runtime    Last Run               Last # of DB Queries
-----------------------------------------  -----  ---------  --------  ----------  --------------  -------------------  ----------------------
/opt/airflow/dags/skin_cancer_pipeline.py                           1           0  0.10s           2026-05-28T16:51:17                      10
================================================================================
[2026-05-28T16:51:47.349+0000] {manager.py:997} INFO - 
================================================================================
DAG File Processing Stats

File Path                                  PID    Runtime      # DAGs    # Errors  Last Runtime    Last Run               Last # of DB Queries
-----------------------------------------  -----  ---------  --------  ----------  --------------  -------------------  ----------------------
/opt/airflow/dags/skin_cancer_pipeline.py                           1           0  0.10s           2026-05-28T16:51:47                      10
================================================================================
[2026-05-28T16:52:17.799+0000] {manager.py:997} INFO - 
================================================================================
DAG File Processing Stats

File Path                                  PID    Runtime      # DAGs    # Errors  Last Runtime    Last Run               Last # of DB Queries
-----------------------------------------  -----  ---------  --------  ----------  --------------  -------------------  ----------------------
/opt/airflow/dags/skin_cancer_pipeline.py                           1           0  0.11s           2026-05-28T16:52:17                      10
================================================================================
[2026-05-28T16:52:48.188+0000] {manager.py:997} INFO - 
================================================================================
DAG File Processing Stats

File Path                                  PID    Runtime      # DAGs    # Errors  Last Runtime    Last Run               Last # of DB Queries
-----------------------------------------  -----  ---------  --------  ----------  --------------  -------------------  ----------------------
/opt/airflow/dags/skin_cancer_pipeline.py                           1           0  0.10s           2026-05-28T16:52:48                      10
================================================================================
[2026-05-28T16:53:18.704+0000] {manager.py:997} INFO - 
================================================================================
DAG File Processing Stats

File Path                                  PID    Runtime      # DAGs    # Errors  Last Runtime    Last Run               Last # of DB Queries
-----------------------------------------  -----  ---------  --------  ----------  --------------  -------------------  ----------------------
/opt/airflow/dags/skin_cancer_pipeline.py                           1           0  0.20s           2026-05-28T16:53:18                      10
================================================================================
[2026-05-28T16:53:33.883+0000] {manager.py:821} INFO - Searching for files in /opt/airflow/dags
[2026-05-28T16:53:33.891+0000] {manager.py:824} INFO - There are 1 files in /opt/airflow/dags
[2026-05-28T16:53:48.935+0000] {manager.py:997} INFO - 
================================================================================
DAG File Processing Stats

File Path                                  PID    Runtime      # DAGs    # Errors  Last Runtime    Last Run               Last # of DB Queries
-----------------------------------------  -----  ---------  --------  ----------  --------------  -------------------  ----------------------
/opt/airflow/dags/skin_cancer_pipeline.py                           1           0  0.10s           2026-05-28T16:53:48                      10
================================================================================
[2026-05-28T16:54:19.205+0000] {manager.py:997} INFO - 
================================================================================
DAG File Processing Stats

File Path                                  PID    Runtime      # DAGs    # Errors  Last Runtime    Last Run               Last # of DB Queries
-----------------------------------------  -----  ---------  --------  ----------  --------------  -------------------  ----------------------
/opt/airflow/dags/skin_cancer_pipeline.py                           1           0  0.20s           2026-05-28T16:54:19                      10
================================================================================
[2026-05-28T16:54:49.447+0000] {manager.py:997} INFO - 
================================================================================
DAG File Processing Stats

File Path                                  PID    Runtime      # DAGs    # Errors  Last Runtime    Last Run               Last # of DB Queries
-----------------------------------------  -----  ---------  --------  ----------  --------------  -------------------  ----------------------
/opt/airflow/dags/skin_cancer_pipeline.py                           1           0  0.10s           2026-05-28T16:54:49                      10
================================================================================
[2026-05-28T16:55:19.765+0000] {manager.py:997} INFO - 
================================================================================
DAG File Processing Stats

File Path                                  PID    Runtime      # DAGs    # Errors  Last Runtime    Last Run               Last # of DB Queries
-----------------------------------------  -----  ---------  --------  ----------  --------------  -------------------  ----------------------
/opt/airflow/dags/skin_cancer_pipeline.py                           1           0  0.10s           2026-05-28T16:55:19                      10
================================================================================
[2026-05-28T16:55:50.124+0000] {manager.py:997} INFO - 
================================================================================
DAG File Processing Stats

File Path                                  PID    Runtime      # DAGs    # Errors  Last Runtime    Last Run               Last # of DB Queries
-----------------------------------------  -----  ---------  --------  ----------  --------------  -------------------  ----------------------
/opt/airflow/dags/skin_cancer_pipeline.py                           1           0  0.11s           2026-05-28T16:55:50                      10
================================================================================
[2026-05-28T16:56:20.454+0000] {manager.py:997} INFO - 
================================================================================
DAG File Processing Stats

File Path                                  PID    Runtime      # DAGs    # Errors  Last Runtime    Last Run               Last # of DB Queries
-----------------------------------------  -----  ---------  --------  ----------  --------------  -------------------  ----------------------
/opt/airflow/dags/skin_cancer_pipeline.py                           1           0  0.10s           2026-05-28T16:56:20                      10
================================================================================
[2026-05-28T16:56:50.842+0000] {manager.py:997} INFO - 
================================================================================
DAG File Processing Stats

File Path                                  PID    Runtime      # DAGs    # Errors  Last Runtime    Last Run               Last # of DB Queries
-----------------------------------------  -----  ---------  --------  ----------  --------------  -------------------  ----------------------
/opt/airflow/dags/skin_cancer_pipeline.py                           1           0  0.20s           2026-05-28T16:56:50                      10
================================================================================
[2026-05-28T16:57:21.092+0000] {manager.py:997} INFO - 
================================================================================
DAG File Processing Stats

File Path                                  PID    Runtime      # DAGs    # Errors  Last Runtime    Last Run               Last # of DB Queries
-----------------------------------------  -----  ---------  --------  ----------  --------------  -------------------  ----------------------
/opt/airflow/dags/skin_cancer_pipeline.py                           1           0  0.10s           2026-05-28T16:57:21                      10
================================================================================
[2026-05-28T16:57:51.413+0000] {manager.py:997} INFO - 
================================================================================
DAG File Processing Stats

File Path                                  PID    Runtime      # DAGs    # Errors  Last Runtime    Last Run               Last # of DB Queries
-----------------------------------------  -----  ---------  --------  ----------  --------------  -------------------  ----------------------
/opt/airflow/dags/skin_cancer_pipeline.py                           1           0  0.10s           2026-05-28T16:57:51                      10
================================================================================
[2026-05-28T16:58:21.813+0000] {manager.py:997} INFO - 
================================================================================
DAG File Processing Stats

File Path                                  PID    Runtime      # DAGs    # Errors  Last Runtime    Last Run               Last # of DB Queries
-----------------------------------------  -----  ---------  --------  ----------  --------------  -------------------  ----------------------
/opt/airflow/dags/skin_cancer_pipeline.py                           1           0  0.20s           2026-05-28T16:58:21                      10
================================================================================
[2026-05-28T16:58:34.285+0000] {manager.py:821} INFO - Searching for files in /opt/airflow/dags
[2026-05-28T16:58:34.293+0000] {manager.py:824} INFO - There are 1 files in /opt/airflow/dags
[2026-05-28T16:58:52.105+0000] {manager.py:997} INFO - 
================================================================================
DAG File Processing Stats

File Path                                  PID    Runtime      # DAGs    # Errors  Last Runtime    Last Run               Last # of DB Queries
-----------------------------------------  -----  ---------  --------  ----------  --------------  -------------------  ----------------------
/opt/airflow/dags/skin_cancer_pipeline.py                           1           0  0.10s           2026-05-28T16:58:52                      10
================================================================================
[2026-05-28T16:59:22.394+0000] {manager.py:997} INFO - 
================================================================================
DAG File Processing Stats

File Path                                  PID    Runtime      # DAGs    # Errors  Last Runtime    Last Run               Last # of DB Queries
-----------------------------------------  -----  ---------  --------  ----------  --------------  -------------------  ----------------------
/opt/airflow/dags/skin_cancer_pipeline.py                           1           0  0.10s           2026-05-28T16:59:22                      10
================================================================================
[2026-05-28T16:59:52.680+0000] {manager.py:997} INFO - 
================================================================================
DAG File Processing Stats

File Path                                  PID    Runtime      # DAGs    # Errors  Last Runtime    Last Run               Last # of DB Queries
-----------------------------------------  -----  ---------  --------  ----------  --------------  -------------------  ----------------------
/opt/airflow/dags/skin_cancer_pipeline.py                           1           0  0.10s           2026-05-28T16:59:52                      10
================================================================================
[2026-05-28T17:00:23.060+0000] {manager.py:997} INFO - 
================================================================================
DAG File Processing Stats

File Path                                  PID    Runtime      # DAGs    # Errors  Last Runtime    Last Run               Last # of DB Queries
-----------------------------------------  -----  ---------  --------  ----------  --------------  -------------------  ----------------------
/opt/airflow/dags/skin_cancer_pipeline.py                           1           0  0.20s           2026-05-28T17:00:23                      10
================================================================================
[2026-05-28T17:00:53.401+0000] {manager.py:997} INFO - 
================================================================================
DAG File Processing Stats

File Path                                  PID    Runtime      # DAGs    # Errors  Last Runtime    Last Run               Last # of DB Queries
-----------------------------------------  -----  ---------  --------  ----------  --------------  -------------------  ----------------------
/opt/airflow/dags/skin_cancer_pipeline.py                           1           0  0.10s           2026-05-28T17:00:53                      10
================================================================================
[2026-05-28T17:01:23.878+0000] {manager.py:997} INFO - 
================================================================================
DAG File Processing Stats

File Path                                  PID    Runtime      # DAGs    # Errors  Last Runtime    Last Run               Last # of DB Queries
-----------------------------------------  -----  ---------  --------  ----------  --------------  -------------------  ----------------------
/opt/airflow/dags/skin_cancer_pipeline.py                           1           0  0.21s           2026-05-28T17:01:23                      10
================================================================================
[2026-05-28T17:01:54.283+0000] {manager.py:997} INFO - 
================================================================================
DAG File Processing Stats

File Path                                  PID    Runtime      # DAGs    # Errors  Last Runtime    Last Run               Last # of DB Queries
-----------------------------------------  -----  ---------  --------  ----------  --------------  -------------------  ----------------------
/opt/airflow/dags/skin_cancer_pipeline.py                           1           0  0.10s           2026-05-28T17:01:54                      10
================================================================================
[2026-05-28T17:03:50.990+0000] {manager.py:465} INFO - Exiting gracefully upon receiving signal 15
[2026-05-28T17:03:51.158+0000] {manager.py:483} INFO - Processing files using up to 1 processes at a time 
[2026-05-28T17:03:51.158+0000] {manager.py:484} INFO - Process each file at most once every 30 seconds
[2026-05-28T17:03:51.159+0000] {manager.py:485} INFO - Checking for new files in /opt/airflow/dags every 300 seconds
[2026-05-28T17:03:51.159+0000] {manager.py:821} INFO - Searching for files in /opt/airflow/dags
[2026-05-28T17:03:51.168+0000] {manager.py:824} INFO - There are 1 files in /opt/airflow/dags
[2026-05-28T17:03:51.322+0000] {manager.py:997} INFO - 
================================================================================
DAG File Processing Stats

File Path                                  PID    Runtime      # DAGs    # Errors  Last Runtime    Last Run               Last # of DB Queries
-----------------------------------------  -----  ---------  --------  ----------  --------------  -------------------  ----------------------
/opt/airflow/dags/skin_cancer_pipeline.py                           1           0  0.10s           2026-05-28T17:03:51                      10
================================================================================
[2026-05-28T17:14:51.286+0000] {manager.py:465} INFO - Exiting gracefully upon receiving signal 15
[2026-05-28T17:14:51.673+0000] {manager.py:483} INFO - Processing files using up to 1 processes at a time 
[2026-05-28T17:14:51.674+0000] {manager.py:484} INFO - Process each file at most once every 30 seconds
[2026-05-28T17:14:51.674+0000] {manager.py:485} INFO - Checking for new files in /opt/airflow/dags every 300 seconds
[2026-05-28T17:14:51.675+0000] {manager.py:821} INFO - Searching for files in /opt/airflow/dags
[2026-05-28T17:14:51.685+0000] {manager.py:824} INFO - There are 1 files in /opt/airflow/dags
[2026-05-28T17:14:51.973+0000] {manager.py:997} INFO - 
================================================================================
DAG File Processing Stats

File Path                                  PID    Runtime      # DAGs    # Errors  Last Runtime    Last Run               Last # of DB Queries
-----------------------------------------  -----  ---------  --------  ----------  --------------  -------------------  ----------------------
/opt/airflow/dags/skin_cancer_pipeline.py                           1           0  0.20s           2026-05-28T17:14:51                      10
================================================================================
[2026-05-28T17:15:23.152+0000] {manager.py:997} INFO - 
================================================================================
DAG File Processing Stats

File Path                                  PID    Runtime      # DAGs    # Errors  Last Runtime    Last Run               Last # of DB Queries
-----------------------------------------  -----  ---------  --------  ----------  --------------  -------------------  ----------------------
/opt/airflow/dags/skin_cancer_pipeline.py                           1           0  0.10s           2026-05-28T17:15:23                      10
================================================================================
[2026-05-28T17:15:53.740+0000] {manager.py:997} INFO - 
================================================================================
DAG File Processing Stats

File Path                                  PID    Runtime      # DAGs    # Errors  Last Runtime    Last Run               Last # of DB Queries
-----------------------------------------  -----  ---------  --------  ----------  --------------  -------------------  ----------------------
/opt/airflow/dags/skin_cancer_pipeline.py                           1           0  0.11s           2026-05-28T17:15:53                      10
================================================================================
[2026-05-28T17:16:24.359+0000] {manager.py:997} INFO - 
================================================================================
DAG File Processing Stats

File Path                                  PID    Runtime      # DAGs    # Errors  Last Runtime    Last Run               Last # of DB Queries
-----------------------------------------  -----  ---------  --------  ----------  --------------  -------------------  ----------------------
/opt/airflow/dags/skin_cancer_pipeline.py                           1           0  0.20s           2026-05-28T17:16:24                      10
================================================================================
[2026-05-28T17:16:55.043+0000] {manager.py:997} INFO - 
================================================================================
DAG File Processing Stats

File Path                                  PID    Runtime      # DAGs    # Errors  Last Runtime    Last Run               Last # of DB Queries
-----------------------------------------  -----  ---------  --------  ----------  --------------  -------------------  ----------------------
/opt/airflow/dags/skin_cancer_pipeline.py                           1           0  0.20s           2026-05-28T17:16:55                      10
================================================================================
[2026-05-28T17:17:25.400+0000] {manager.py:997} INFO - 
================================================================================
DAG File Processing Stats

File Path                                  PID    Runtime      # DAGs    # Errors  Last Runtime    Last Run               Last # of DB Queries
-----------------------------------------  -----  ---------  --------  ----------  --------------  -------------------  ----------------------
/opt/airflow/dags/skin_cancer_pipeline.py                           1           0  0.10s           2026-05-28T17:17:25                      10
================================================================================
[2026-05-28T17:17:56.281+0000] {manager.py:997} INFO - 
================================================================================
DAG File Processing Stats

File Path                                  PID    Runtime      # DAGs    # Errors  Last Runtime    Last Run               Last # of DB Queries
-----------------------------------------  -----  ---------  --------  ----------  --------------  -------------------  ----------------------
/opt/airflow/dags/skin_cancer_pipeline.py                           1           0  0.30s           2026-05-28T17:17:56                      10
================================================================================
[2026-05-28T17:18:26.438+0000] {manager.py:997} INFO - 
================================================================================
DAG File Processing Stats

File Path                                  PID    Runtime      # DAGs    # Errors  Last Runtime    Last Run               Last # of DB Queries
-----------------------------------------  -----  ---------  --------  ----------  --------------  -------------------  ----------------------
/opt/airflow/dags/skin_cancer_pipeline.py                           1           0  0.10s           2026-05-28T17:18:26                      10
================================================================================
[2026-05-28T17:18:56.988+0000] {manager.py:997} INFO - 
================================================================================
DAG File Processing Stats

File Path                                  PID    Runtime      # DAGs    # Errors  Last Runtime    Last Run               Last # of DB Queries
-----------------------------------------  -----  ---------  --------  ----------  --------------  -------------------  ----------------------
/opt/airflow/dags/skin_cancer_pipeline.py                           1           0  0.10s           2026-05-28T17:18:56                      10
================================================================================
[2026-05-28T17:19:27.449+0000] {manager.py:997} INFO - 
================================================================================
DAG File Processing Stats

File Path                                  PID    Runtime      # DAGs    # Errors  Last Runtime    Last Run               Last # of DB Queries
-----------------------------------------  -----  ---------  --------  ----------  --------------  -------------------  ----------------------
/opt/airflow/dags/skin_cancer_pipeline.py                           1           0  0.10s           2026-05-28T17:19:27                      10
================================================================================
[2026-05-28T17:19:52.040+0000] {manager.py:821} INFO - Searching for files in /opt/airflow/dags
[2026-05-28T17:19:52.049+0000] {manager.py:824} INFO - There are 1 files in /opt/airflow/dags
[2026-05-28T17:19:57.952+0000] {manager.py:997} INFO - 
================================================================================
DAG File Processing Stats

File Path                                  PID    Runtime      # DAGs    # Errors  Last Runtime    Last Run               Last # of DB Queries
-----------------------------------------  -----  ---------  --------  ----------  --------------  -------------------  ----------------------
/opt/airflow/dags/skin_cancer_pipeline.py                           1           0  0.10s           2026-05-28T17:19:57                      10
================================================================================
