[2026-05-28T15:54:24.883+0000] {local_task_job_runner.py:123} INFO - ::group::Pre task execution logs
[2026-05-28T15:54:24.898+0000] {taskinstance.py:2614} INFO - Dependencies all met for dep_context=non-requeueable deps ti=<TaskInstance: skin_cancer_training_pipeline.prepare_data manual__2026-05-28T15:51:11.119988+00:00 [queued]>
[2026-05-28T15:54:24.908+0000] {taskinstance.py:2614} INFO - Dependencies all met for dep_context=requeueable deps ti=<TaskInstance: skin_cancer_training_pipeline.prepare_data manual__2026-05-28T15:51:11.119988+00:00 [queued]>
[2026-05-28T15:54:24.908+0000] {taskinstance.py:2867} INFO - Starting attempt 1 of 1
[2026-05-28T15:54:24.939+0000] {taskinstance.py:2890} INFO - Executing <Task(BashOperator): prepare_data> on 2026-05-28 15:51:11.119988+00:00
[2026-05-28T15:54:24.947+0000] {standard_task_runner.py:72} INFO - Started process 91 to run task
[2026-05-28T15:54:24.951+0000] {standard_task_runner.py:104} INFO - Running: ['airflow', 'tasks', 'run', 'skin_cancer_training_pipeline', 'prepare_data', 'manual__2026-05-28T15:51:11.119988+00:00', '--job-id', '3', '--raw', '--subdir', 'DAGS_FOLDER/skin_cancer_pipeline.py', '--cfg-path', '/tmp/tmp09tkpav_']
[2026-05-28T15:54:24.954+0000] {standard_task_runner.py:105} INFO - Job 3: Subtask prepare_data
[2026-05-28T15:54:25.028+0000] {task_command.py:467} INFO - Running <TaskInstance: skin_cancer_training_pipeline.prepare_data manual__2026-05-28T15:51:11.119988+00:00 [running]> on host 4a3eb9f22fbb
[2026-05-28T15:54:25.108+0000] {taskinstance.py:3134} INFO - Exporting env vars: AIRFLOW_CTX_DAG_OWNER='airflow' AIRFLOW_CTX_DAG_ID='skin_cancer_training_pipeline' AIRFLOW_CTX_TASK_ID='prepare_data' AIRFLOW_CTX_EXECUTION_DATE='2026-05-28T15:51:11.119988+00:00' AIRFLOW_CTX_TRY_NUMBER='1' AIRFLOW_CTX_DAG_RUN_ID='manual__2026-05-28T15:51:11.119988+00:00'
[2026-05-28T15:54:25.109+0000] {taskinstance.py:732} INFO - ::endgroup::
[2026-05-28T15:54:25.120+0000] {subprocess.py:78} INFO - Tmp dir root location: /tmp
[2026-05-28T15:54:25.122+0000] {subprocess.py:88} INFO - Running command: ['/usr/bin/bash', '-c', 'cd /opt/airflow/project && export PYTHONPATH=/opt/airflow/project/src && python -m skin_cancer.data.preparation --config /opt/airflow/project/configs/train_config.yaml']
[2026-05-28T15:54:25.129+0000] {subprocess.py:99} INFO - Output:
[2026-05-28T15:54:28.805+0000] {subprocess.py:106} INFO - Data prepared successfully.
[2026-05-28T15:54:28.807+0000] {subprocess.py:106} INFO - {'num_total': 10015, 'num_train': 7009, 'num_val': 1503, 'num_test': 1503, 'label_to_id': {'akiec': 0, 'bcc': 1, 'bkl': 2, 'df': 3, 'mel': 4, 'nv': 5, 'vasc': 6}, 'train_class_counts': {'nv': 4693, 'mel': 779, 'bkl': 769, 'bcc': 360, 'akiec': 229, 'vasc': 99, 'df': 80}, 'val_class_counts': {'nv': 1006, 'mel': 167, 'bkl': 165, 'bcc': 77, 'akiec': 49, 'vasc': 21, 'df': 18}, 'test_class_counts': {'nv': 1006, 'mel': 167, 'bkl': 165, 'bcc': 77, 'akiec': 49, 'vasc': 22, 'df': 17}}
[2026-05-28T15:54:29.456+0000] {subprocess.py:110} INFO - Command exited with return code 0
[2026-05-28T15:54:29.497+0000] {taskinstance.py:341} INFO - ::group::Post task execution logs
[2026-05-28T15:54:29.498+0000] {taskinstance.py:353} INFO - Marking task as SUCCESS. dag_id=skin_cancer_training_pipeline, task_id=prepare_data, run_id=manual__2026-05-28T15:51:11.119988+00:00, execution_date=20260528T155111, start_date=20260528T155424, end_date=20260528T155429
[2026-05-28T15:54:29.589+0000] {local_task_job_runner.py:266} INFO - Task exited with return code 0
[2026-05-28T15:54:29.623+0000] {taskinstance.py:3901} INFO - 1 downstream tasks scheduled from follow-on schedule check
[2026-05-28T15:54:29.633+0000] {local_task_job_runner.py:245} INFO - ::endgroup::
