[2026-05-28T15:54:32.422+0000] {local_task_job_runner.py:123} INFO - ::group::Pre task execution logs
[2026-05-28T15:54:32.439+0000] {taskinstance.py:2614} INFO - Dependencies all met for dep_context=non-requeueable deps ti=<TaskInstance: skin_cancer_training_pipeline.train_model manual__2026-05-28T15:51:11.119988+00:00 [queued]>
[2026-05-28T15:54:32.449+0000] {taskinstance.py:2614} INFO - Dependencies all met for dep_context=requeueable deps ti=<TaskInstance: skin_cancer_training_pipeline.train_model manual__2026-05-28T15:51:11.119988+00:00 [queued]>
[2026-05-28T15:54:32.449+0000] {taskinstance.py:2867} INFO - Starting attempt 1 of 1
[2026-05-28T15:54:32.472+0000] {taskinstance.py:2890} INFO - Executing <Task(BashOperator): train_model> on 2026-05-28 15:51:11.119988+00:00
[2026-05-28T15:54:32.477+0000] {standard_task_runner.py:72} INFO - Started process 158 to run task
[2026-05-28T15:54:32.480+0000] {standard_task_runner.py:104} INFO - Running: ['airflow', 'tasks', 'run', 'skin_cancer_training_pipeline', 'train_model', 'manual__2026-05-28T15:51:11.119988+00:00', '--job-id', '4', '--raw', '--subdir', 'DAGS_FOLDER/skin_cancer_pipeline.py', '--cfg-path', '/tmp/tmp9xba7vbb']
[2026-05-28T15:54:32.483+0000] {standard_task_runner.py:105} INFO - Job 4: Subtask train_model
[2026-05-28T15:54:32.543+0000] {task_command.py:467} INFO - Running <TaskInstance: skin_cancer_training_pipeline.train_model manual__2026-05-28T15:51:11.119988+00:00 [running]> on host 4a3eb9f22fbb
[2026-05-28T15:54:32.614+0000] {taskinstance.py:3134} INFO - Exporting env vars: AIRFLOW_CTX_DAG_OWNER='airflow' AIRFLOW_CTX_DAG_ID='skin_cancer_training_pipeline' AIRFLOW_CTX_TASK_ID='train_model' AIRFLOW_CTX_EXECUTION_DATE='2026-05-28T15:51:11.119988+00:00' AIRFLOW_CTX_TRY_NUMBER='1' AIRFLOW_CTX_DAG_RUN_ID='manual__2026-05-28T15:51:11.119988+00:00'
[2026-05-28T15:54:32.616+0000] {taskinstance.py:732} INFO - ::endgroup::
[2026-05-28T15:54:32.626+0000] {subprocess.py:78} INFO - Tmp dir root location: /tmp
[2026-05-28T15:54:32.627+0000] {subprocess.py:88} INFO - Running command: ['/usr/bin/bash', '-c', 'cd /opt/airflow/project && export PYTHONPATH=/opt/airflow/project/src && python -m skin_cancer.training.train --config /opt/airflow/project/configs/train_config.yaml --use-weighted-sampler']
[2026-05-28T15:54:32.635+0000] {subprocess.py:99} INFO - Output:
[2026-05-28T15:54:39.477+0000] {subprocess.py:106} INFO - /home/airflow/.local/lib/python3.10/site-packages/albumentations/core/validation.py:114: UserWarning: ShiftScaleRotate is a special case of Affine transform. Please use Affine transform instead.
[2026-05-28T15:54:39.478+0000] {subprocess.py:106} INFO -   original_init(self, **validated_kwargs)
[2026-05-28T15:54:39.883+0000] {subprocess.py:106} INFO - Warning: You are sending unauthenticated requests to the HF Hub. Please set a HF_TOKEN to enable higher rate limits and faster downloads.
[2026-05-28T15:54:43.375+0000] {subprocess.py:106} INFO - /home/airflow/.local/lib/python3.10/site-packages/mlflow/tracking/_tracking_service/utils.py:184: FutureWarning: The filesystem tracking backend (e.g., './mlruns') is deprecated as of February 2026. Consider transitioning to a database backend (e.g., 'sqlite:///mlflow.db') to take advantage of the latest MLflow features. See https://mlflow.org/docs/latest/self-hosting/migrate-from-file-store for migration guidance.
[2026-05-28T15:54:43.376+0000] {subprocess.py:106} INFO -   return FileStore(store_uri, store_uri)
[2026-05-28T15:54:44.431+0000] {subprocess.py:106} INFO - 2026/05/28 15:54:44 WARNING mlflow.utils.git_utils: Failed to import Git (the Git executable is probably not on your PATH), so Git SHA is not available. Error: Failed to initialize: Bad git executable.
[2026-05-28T15:54:44.432+0000] {subprocess.py:106} INFO - The git executable must be specified in one of the following ways:
[2026-05-28T15:54:44.432+0000] {subprocess.py:106} INFO -     - be included in your $PATH
[2026-05-28T15:54:44.433+0000] {subprocess.py:106} INFO -     - be set via $GIT_PYTHON_GIT_EXECUTABLE
[2026-05-28T15:54:44.434+0000] {subprocess.py:106} INFO -     - explicitly set via git.refresh(<full-path-to-git-executable>)
[2026-05-28T15:54:44.434+0000] {subprocess.py:106} INFO - 
[2026-05-28T15:54:44.435+0000] {subprocess.py:106} INFO - All git commands will error until this is rectified.
[2026-05-28T15:54:44.435+0000] {subprocess.py:106} INFO - 
[2026-05-28T15:54:44.436+0000] {subprocess.py:106} INFO - This initial message can be silenced or aggravated in the future by setting the
[2026-05-28T15:54:44.436+0000] {subprocess.py:106} INFO - $GIT_PYTHON_REFRESH environment variable. Use one of the following values:
[2026-05-28T15:54:44.436+0000] {subprocess.py:106} INFO -     - quiet|q|silence|s|silent|none|n|0: for no message or exception
[2026-05-28T15:54:44.437+0000] {subprocess.py:106} INFO -     - warn|w|warning|log|l|1: for a warning message (logging level CRITICAL, displayed by default)
[2026-05-28T15:54:44.437+0000] {subprocess.py:106} INFO -     - error|e|exception|raise|r|2: for a raised exception
[2026-05-28T15:54:44.438+0000] {subprocess.py:106} INFO - 
[2026-05-28T15:54:44.438+0000] {subprocess.py:106} INFO - Example:
[2026-05-28T15:54:44.439+0000] {subprocess.py:106} INFO -     export GIT_PYTHON_REFRESH=quiet
[2026-05-28T15:54:44.439+0000] {subprocess.py:106} INFO - 
[2026-05-28T15:54:44.797+0000] {subprocess.py:106} INFO - /opt/airflow/project/src/skin_cancer/training/trainer.py:109: FutureWarning: `torch.cuda.amp.GradScaler(args...)` is deprecated. Please use `torch.amp.GradScaler('cuda', args...)` instead.
[2026-05-28T15:54:44.798+0000] {subprocess.py:106} INFO -   scaler = torch.cuda.amp.GradScaler(enabled=mixed_precision and device.type == "cuda")
[2026-05-28T15:54:44.799+0000] {subprocess.py:106} INFO - Using device: cpu
[2026-05-28T15:54:44.801+0000] {subprocess.py:106} INFO - train:   0%|          | 0/220 [00:00<?, ?it/s]/home/airflow/.local/lib/python3.10/site-packages/torch/utils/data/dataloader.py:1095: UserWarning: 'pin_memory' argument is set as true but no accelerator is found, then device pinned memory won't be used.
[2026-05-28T15:54:44.801+0000] {subprocess.py:106} INFO -   super().__init__(loader)
[2026-05-28T15:54:45.494+0000] {subprocess.py:106} INFO - /opt/airflow/project/src/skin_cancer/training/trainer.py:54: FutureWarning: `torch.cuda.amp.autocast(args...)` is deprecated. Please use `torch.amp.autocast('cuda', args...)` instead.
[2026-05-28T15:54:45.495+0000] {subprocess.py:106} INFO -   with torch.cuda.amp.autocast(enabled=use_amp):
[2026-05-28T15:54:55.932+0000] {subprocess.py:106} INFO - train:   0%|          | 0/220 [00:04<?, ?it/s, loss=14.7]train:   0%|          | 1/220 [00:04<15:44,  4.31s/it, loss=14.7]train:   0%|          | 1/220 [00:07<15:44,  4.31s/it, loss=15.9]train:   1%|          | 2/220 [00:07<13:27,  3.71s/it, loss=15.9]train:   1%|          | 2/220 [00:11<13:27,  3.71s/it, loss=16.3]train:   1%|▏         | 3/220 [00:11<13:01,  3.60s/it, loss=16.3]                                                                 Traceback (most recent call last):
[2026-05-28T15:54:55.933+0000] {subprocess.py:106} INFO -   File "/usr/local/lib/python3.10/runpy.py", line 196, in _run_module_as_main
[2026-05-28T15:54:55.934+0000] {subprocess.py:106} INFO -     return _run_code(code, main_globals, None,
[2026-05-28T15:54:55.935+0000] {subprocess.py:106} INFO -   File "/usr/local/lib/python3.10/runpy.py", line 86, in _run_code
[2026-05-28T15:54:55.935+0000] {subprocess.py:106} INFO -     exec(code, run_globals)
[2026-05-28T15:54:55.936+0000] {subprocess.py:106} INFO -   File "/opt/airflow/project/src/skin_cancer/training/train.py", line 299, in <module>
[2026-05-28T15:54:55.936+0000] {subprocess.py:106} INFO -     main()
[2026-05-28T15:54:55.937+0000] {subprocess.py:106} INFO -   File "/opt/airflow/project/src/skin_cancer/training/train.py", line 291, in main
[2026-05-28T15:54:55.937+0000] {subprocess.py:106} INFO -     run_training(
[2026-05-28T15:54:55.938+0000] {subprocess.py:106} INFO -   File "/opt/airflow/project/src/skin_cancer/training/train.py", line 244, in run_training
[2026-05-28T15:54:55.938+0000] {subprocess.py:106} INFO -     result = train_model(
[2026-05-28T15:54:55.939+0000] {subprocess.py:106} INFO -   File "/opt/airflow/project/src/skin_cancer/training/trainer.py", line 113, in train_model
[2026-05-28T15:54:55.939+0000] {subprocess.py:106} INFO -     train_output = run_one_epoch(
[2026-05-28T15:54:55.940+0000] {subprocess.py:106} INFO -   File "/opt/airflow/project/src/skin_cancer/training/trainer.py", line 45, in run_one_epoch
[2026-05-28T15:54:55.941+0000] {subprocess.py:106} INFO -     for images, labels in progress:
[2026-05-28T15:54:55.941+0000] {subprocess.py:106} INFO -   File "/home/airflow/.local/lib/python3.10/site-packages/tqdm/std.py", line 1181, in __iter__
[2026-05-28T15:54:55.942+0000] {subprocess.py:106} INFO -     for obj in iterable:
[2026-05-28T15:54:55.942+0000] {subprocess.py:106} INFO -   File "/home/airflow/.local/lib/python3.10/site-packages/torch/utils/data/dataloader.py", line 718, in __next__
[2026-05-28T15:54:55.943+0000] {subprocess.py:106} INFO -     data = self._next_data()
[2026-05-28T15:54:55.943+0000] {subprocess.py:106} INFO -   File "/home/airflow/.local/lib/python3.10/site-packages/torch/utils/data/dataloader.py", line 1495, in _next_data
[2026-05-28T15:54:55.944+0000] {subprocess.py:106} INFO -     return self._process_data(data, worker_id)
[2026-05-28T15:54:55.944+0000] {subprocess.py:106} INFO -   File "/home/airflow/.local/lib/python3.10/site-packages/torch/utils/data/dataloader.py", line 1563, in _process_data
[2026-05-28T15:54:55.945+0000] {subprocess.py:106} INFO -     data.reraise()
[2026-05-28T15:54:55.945+0000] {subprocess.py:106} INFO -   File "/home/airflow/.local/lib/python3.10/site-packages/torch/_utils.py", line 774, in reraise
[2026-05-28T15:54:55.946+0000] {subprocess.py:106} INFO -     raise exception
[2026-05-28T15:54:55.946+0000] {subprocess.py:106} INFO - RuntimeError: Caught RuntimeError in DataLoader worker process 3.
[2026-05-28T15:54:55.947+0000] {subprocess.py:106} INFO - Original Traceback (most recent call last):
[2026-05-28T15:54:55.948+0000] {subprocess.py:106} INFO -   File "/home/airflow/.local/lib/python3.10/site-packages/torch/utils/data/_utils/worker.py", line 374, in _worker_loop
[2026-05-28T15:54:55.948+0000] {subprocess.py:106} INFO -     data = fetcher.fetch(index)  # type: ignore[possibly-undefined]
[2026-05-28T15:54:55.948+0000] {subprocess.py:106} INFO -   File "/home/airflow/.local/lib/python3.10/site-packages/torch/utils/data/_utils/fetch.py", line 57, in fetch
[2026-05-28T15:54:55.949+0000] {subprocess.py:106} INFO -     return self.collate_fn(data)
[2026-05-28T15:54:55.949+0000] {subprocess.py:106} INFO -   File "/home/airflow/.local/lib/python3.10/site-packages/torch/utils/data/_utils/collate.py", line 401, in default_collate
[2026-05-28T15:54:55.950+0000] {subprocess.py:106} INFO -     return collate(batch, collate_fn_map=default_collate_fn_map)
[2026-05-28T15:54:55.950+0000] {subprocess.py:106} INFO -   File "/home/airflow/.local/lib/python3.10/site-packages/torch/utils/data/_utils/collate.py", line 214, in collate
[2026-05-28T15:54:55.951+0000] {subprocess.py:106} INFO -     return [
[2026-05-28T15:54:55.951+0000] {subprocess.py:106} INFO -   File "/home/airflow/.local/lib/python3.10/site-packages/torch/utils/data/_utils/collate.py", line 215, in <listcomp>
[2026-05-28T15:54:55.951+0000] {subprocess.py:106} INFO -     collate(samples, collate_fn_map=collate_fn_map)
[2026-05-28T15:54:55.952+0000] {subprocess.py:106} INFO -   File "/home/airflow/.local/lib/python3.10/site-packages/torch/utils/data/_utils/collate.py", line 155, in collate
[2026-05-28T15:54:55.953+0000] {subprocess.py:106} INFO -     return collate_fn_map[elem_type](batch, collate_fn_map=collate_fn_map)
[2026-05-28T15:54:55.953+0000] {subprocess.py:106} INFO -   File "/home/airflow/.local/lib/python3.10/site-packages/torch/utils/data/_utils/collate.py", line 273, in collate_tensor_fn
[2026-05-28T15:54:55.954+0000] {subprocess.py:106} INFO -     storage = elem._typed_storage()._new_shared(numel, device=elem.device)
[2026-05-28T15:54:55.954+0000] {subprocess.py:106} INFO -   File "/home/airflow/.local/lib/python3.10/site-packages/torch/storage.py", line 1210, in _new_shared
[2026-05-28T15:54:55.955+0000] {subprocess.py:106} INFO -     untyped_storage = torch.UntypedStorage._new_shared(
[2026-05-28T15:54:55.955+0000] {subprocess.py:106} INFO -   File "/home/airflow/.local/lib/python3.10/site-packages/torch/storage.py", line 414, in _new_shared
[2026-05-28T15:54:55.956+0000] {subprocess.py:106} INFO -     return cls._new_using_fd_cpu(size)
[2026-05-28T15:54:55.956+0000] {subprocess.py:106} INFO - RuntimeError: unable to allocate shared memory(shm) for file </torch_252_1923734612_0>: No space left on device (28)
[2026-05-28T15:54:55.957+0000] {subprocess.py:106} INFO - 
[2026-05-28T15:54:57.298+0000] {subprocess.py:110} INFO - Command exited with return code 1
[2026-05-28T15:54:57.311+0000] {taskinstance.py:3313} ERROR - Task failed with exception
Traceback (most recent call last):
  File "/home/airflow/.local/lib/python3.10/site-packages/airflow/models/taskinstance.py", line 768, in _execute_task
    result = _execute_callable(context=context, **execute_callable_kwargs)
  File "/home/airflow/.local/lib/python3.10/site-packages/airflow/models/taskinstance.py", line 734, in _execute_callable
    return ExecutionCallableRunner(
  File "/home/airflow/.local/lib/python3.10/site-packages/airflow/utils/operator_helpers.py", line 252, in run
    return self.func(*args, **kwargs)
  File "/home/airflow/.local/lib/python3.10/site-packages/airflow/models/baseoperator.py", line 424, in wrapper
    return func(self, *args, **kwargs)
  File "/home/airflow/.local/lib/python3.10/site-packages/airflow/operators/bash.py", line 276, in execute
    raise AirflowException(
airflow.exceptions.AirflowException: Bash command failed. The command returned a non-zero exit code 1.
[2026-05-28T15:54:57.316+0000] {taskinstance.py:1226} INFO - Marking task as FAILED. dag_id=skin_cancer_training_pipeline, task_id=train_model, run_id=manual__2026-05-28T15:51:11.119988+00:00, execution_date=20260528T155111, start_date=20260528T155432, end_date=20260528T155457
[2026-05-28T15:54:57.379+0000] {taskinstance.py:341} INFO - ::group::Post task execution logs
[2026-05-28T15:54:57.380+0000] {standard_task_runner.py:124} ERROR - Failed to execute job 4 for task train_model (Bash command failed. The command returned a non-zero exit code 1.; 158)
Traceback (most recent call last):
  File "/home/airflow/.local/lib/python3.10/site-packages/airflow/task/task_runner/standard_task_runner.py", line 117, in _start_by_fork
    ret = args.func(args, dag=self.dag)
  File "/home/airflow/.local/lib/python3.10/site-packages/airflow/cli/cli_config.py", line 49, in command
    return func(*args, **kwargs)
  File "/home/airflow/.local/lib/python3.10/site-packages/airflow/utils/cli.py", line 116, in wrapper
    return f(*args, **kwargs)
  File "/home/airflow/.local/lib/python3.10/site-packages/airflow/cli/commands/task_command.py", line 483, in task_run
    task_return_code = _run_task_by_selected_method(args, _dag, ti)
  File "/home/airflow/.local/lib/python3.10/site-packages/airflow/cli/commands/task_command.py", line 256, in _run_task_by_selected_method
    return _run_raw_task(args, ti)
  File "/home/airflow/.local/lib/python3.10/site-packages/airflow/cli/commands/task_command.py", line 341, in _run_raw_task
    return ti._run_raw_task(
  File "/home/airflow/.local/lib/python3.10/site-packages/airflow/utils/session.py", line 97, in wrapper
    return func(*args, session=session, **kwargs)
  File "/home/airflow/.local/lib/python3.10/site-packages/airflow/models/taskinstance.py", line 3006, in _run_raw_task
    return _run_raw_task(
  File "/home/airflow/.local/lib/python3.10/site-packages/airflow/models/taskinstance.py", line 274, in _run_raw_task
    TaskInstance._execute_task_with_callbacks(
  File "/home/airflow/.local/lib/python3.10/site-packages/airflow/models/taskinstance.py", line 3161, in _execute_task_with_callbacks
    result = self._execute_task(context, task_orig)
  File "/home/airflow/.local/lib/python3.10/site-packages/airflow/models/taskinstance.py", line 3185, in _execute_task
    return _execute_task(self, context, task_orig)
  File "/home/airflow/.local/lib/python3.10/site-packages/airflow/models/taskinstance.py", line 768, in _execute_task
    result = _execute_callable(context=context, **execute_callable_kwargs)
  File "/home/airflow/.local/lib/python3.10/site-packages/airflow/models/taskinstance.py", line 734, in _execute_callable
    return ExecutionCallableRunner(
  File "/home/airflow/.local/lib/python3.10/site-packages/airflow/utils/operator_helpers.py", line 252, in run
    return self.func(*args, **kwargs)
  File "/home/airflow/.local/lib/python3.10/site-packages/airflow/models/baseoperator.py", line 424, in wrapper
    return func(self, *args, **kwargs)
  File "/home/airflow/.local/lib/python3.10/site-packages/airflow/operators/bash.py", line 276, in execute
    raise AirflowException(
airflow.exceptions.AirflowException: Bash command failed. The command returned a non-zero exit code 1.
[2026-05-28T15:54:57.421+0000] {local_task_job_runner.py:266} INFO - Task exited with return code 1
[2026-05-28T15:54:57.443+0000] {taskinstance.py:3901} INFO - 0 downstream tasks scheduled from follow-on schedule check
[2026-05-28T15:54:57.457+0000] {local_task_job_runner.py:245} INFO - ::endgroup::
